[debug] [2024-02-03T14:10:25.257Z] ----------------------------------------------------------------------
[debug] [2024-02-03T14:10:25.258Z] Command:       C:\Program Files\nodejs\node.exe C:\Users\harsh\AppData\Roaming\npm\node_modules\firebase-tools\lib\bin\firebase.js init
[debug] [2024-02-03T14:10:25.259Z] CLI Version:   13.1.0
[debug] [2024-02-03T14:10:25.259Z] Platform:      win32
[debug] [2024-02-03T14:10:25.259Z] Node Version:  v18.16.1
[debug] [2024-02-03T14:10:25.260Z] Time:          Sat Feb 03 2024 19:40:25 GMT+0530 (India Standard Time)
[debug] [2024-02-03T14:10:25.260Z] ----------------------------------------------------------------------
[debug] 
[debug] [2024-02-03T14:10:25.265Z] > command requires scopes: ["email","openid","https://www.googleapis.com/auth/cloudplatformprojects.readonly","https://www.googleapis.com/auth/firebase","https://www.googleapis.com/auth/cloud-platform"]
[debug] [2024-02-03T14:10:25.265Z] > authorizing via signed-in user (yadav.harshita22@vit.edu)
[info] 
     ######## #### ########  ######## ########     ###     ######  ########
     ##        ##  ##     ## ##       ##     ##  ##   ##  ##       ##
     ######    ##  ########  ######   ########  #########  ######  ######
     ##        ##  ##    ##  ##       ##     ## ##     ##       ## ##
     ##       #### ##     ## ######## ########  ##     ##  ######  ########

You're about to initialize a Firebase project in this directory:

  C:\Users\harsh\OneDrive\Desktop\Web\Projects\Dice Game

[info] 
=== Project Setup
[info] 
[info] First, let's associate this project directory with a Firebase project.
[info] You can create multiple project aliases by running firebase use --add, 
[info] but for now we'll just set up a default project.
[info] 
[debug] [2024-02-03T14:11:11.585Z] >>> [apiv2][query] GET https://firebase.googleapis.com/v1beta1/projects pageSize=100
[debug] [2024-02-03T14:11:12.965Z] <<< [apiv2][status] GET https://firebase.googleapis.com/v1beta1/projects 200
[debug] [2024-02-03T14:11:12.966Z] <<< [apiv2][body] GET https://firebase.googleapis.com/v1beta1/projects [omitted]
[info] i  Using project dicegame-4f0b9 (DiceGame) 
[info] 
=== Hosting Setup
[debug] [2024-02-03T14:11:53.641Z] >>> [apiv2][query] GET https://firebase.googleapis.com/v1beta1/projects/dicegame-4f0b9 [none]
[debug] [2024-02-03T14:11:54.528Z] <<< [apiv2][status] GET https://firebase.googleapis.com/v1beta1/projects/dicegame-4f0b9 200
[debug] [2024-02-03T14:11:54.529Z] <<< [apiv2][body] GET https://firebase.googleapis.com/v1beta1/projects/dicegame-4f0b9 {"projectId":"dicegame-4f0b9","projectNumber":"457580618284","displayName":"DiceGame","name":"projects/dicegame-4f0b9","resources":{"hostingSite":"dicegame-4f0b9"},"state":"ACTIVE","etag":"1_0dee8172-8bc4-43aa-9ad8-4bab31388137"}
[info] 
[info] Your public directory is the folder (relative to your project directory) that
[info] will contain Hosting assets to be uploaded with firebase deploy. If you
[info] have a build process for your assets, use your build's output directory.
[info] 
